  Determining projects to restore...
  Restored X:\BalatroSeedOracle\src\BalatroSeedOracle\BalatroSeedOracle.csproj (in 179 ms).
  Restored X:\BalatroSeedOracle\src\MotelyJAML\Motely.CLI\Motely.CLI.csproj (in 174 ms).
  Restored X:\BalatroSeedOracle\src\MotelyJAML\Motely.Datalake\Motely.Datalake.csproj (in 174 ms).
  Restored X:\BalatroSeedOracle\src\MotelyJAML\Motely.Tests\Motely.Tests.csproj (in 174 ms).
  Restored X:\BalatroSeedOracle\src\BalatroSeedOracle.Browser\BalatroSeedOracle.Browser.csproj (in 225 ms).
  Restored X:\BalatroSeedOracle\src\BalatroSeedOracle.iOS\BalatroSeedOracle.iOS.csproj (in 227 ms).
  Restored X:\BalatroSeedOracle\src\BalatroSeedOracle.Desktop\BalatroSeedOracle.Desktop.csproj (in 233 ms).
  Restored X:\BalatroSeedOracle\src\BalatroSeedOracle.Android\BalatroSeedOracle.Android.csproj (in 246 ms).
  2 of 10 projects are up-to-date for restore.
C:\Program Files\dotnet\sdk\10.0.300-preview.0.26177.108\Sdks\Microsoft.NET.Sdk\targets\Microsoft.NET.RuntimeIdentifierInference.targets(383,5): message NETSDK1057: You are using a preview version of .NET. See: https://aka.ms/dotnet-support-policy [X:\BalatroSeedOracle\src\MotelyJAML\Motely\Motely.csproj]
C:\Program Files\dotnet\sdk\10.0.300-preview.0.26177.108\Sdks\Microsoft.NET.Sdk\targets\Microsoft.NET.RuntimeIdentifierInference.targets(383,5): message NETSDK1057: You are using a preview version of .NET. See: https://aka.ms/dotnet-support-policy [X:\BalatroSeedOracle\src\MotelyJAML\Motely.Tests\Motely.Tests.csproj]
C:\Program Files\dotnet\sdk\10.0.300-preview.0.26177.108\Sdks\Microsoft.NET.Sdk\targets\Microsoft.NET.RuntimeIdentifierInference.targets(383,5): message NETSDK1057: You are using a preview version of .NET. See: https://aka.ms/dotnet-support-policy [X:\BalatroSeedOracle\src\BalatroSeedOracle.Desktop\BalatroSeedOracle.Desktop.csproj]
C:\Program Files\dotnet\sdk\10.0.300-preview.0.26177.108\Sdks\Microsoft.NET.Sdk\targets\Microsoft.NET.RuntimeIdentifierInference.targets(383,5): message NETSDK1057: You are using a preview version of .NET. See: https://aka.ms/dotnet-support-policy [X:\BalatroSeedOracle\src\MotelyJAML\Motely.TUI\Motely.TUI.csproj]
C:\Program Files\dotnet\sdk\10.0.300-preview.0.26177.108\Sdks\Microsoft.NET.Sdk\targets\Microsoft.NET.RuntimeIdentifierInference.targets(383,5): message NETSDK1057: You are using a preview version of .NET. See: https://aka.ms/dotnet-support-policy [X:\BalatroSeedOracle\src\BalatroSeedOracle.Browser\BalatroSeedOracle.Browser.csproj]
C:\Program Files\dotnet\sdk\10.0.300-preview.0.26177.108\Sdks\Microsoft.NET.Sdk\targets\Microsoft.NET.RuntimeIdentifierInference.targets(383,5): message NETSDK1057: You are using a preview version of .NET. See: https://aka.ms/dotnet-support-policy [X:\BalatroSeedOracle\src\BalatroSeedOracle.Android\BalatroSeedOracle.Android.csproj]
  Motely -> X:\BalatroSeedOracle\src\MotelyJAML\Motely\bin\Release\net10.0\Motely.dll
C:\Program Files\dotnet\sdk\10.0.300-preview.0.26177.108\Sdks\Microsoft.NET.Sdk\targets\Microsoft.NET.RuntimeIdentifierInference.targets(383,5): message NETSDK1057: You are using a preview version of .NET. See: https://aka.ms/dotnet-support-policy [X:\BalatroSeedOracle\src\BalatroSeedOracle.iOS\BalatroSeedOracle.iOS.csproj]
C:\Program Files\dotnet\sdk\10.0.300-preview.0.26177.108\Sdks\Microsoft.NET.Sdk\targets\Microsoft.NET.RuntimeIdentifierInference.targets(383,5): message NETSDK1057: You are using a preview version of .NET. See: https://aka.ms/dotnet-support-policy [X:\BalatroSeedOracle\src\BalatroSeedOracle\BalatroSeedOracle.csproj]
  Motely.Datalake -> X:\BalatroSeedOracle\src\MotelyJAML\Motely.Datalake\bin\Debug\net10.0\Motely.Datalake.dll
  Motely.TUI -> X:\BalatroSeedOracle\src\MotelyJAML\Motely.TUI\bin\Release\net10.0\MotelyTUI.dll
  Motely.CLI -> X:\BalatroSeedOracle\src\MotelyJAML\Motely.CLI\bin\Debug\net10.0\MotelyCLI.dll
  Motely.Tests -> X:\BalatroSeedOracle\src\MotelyJAML\Motely.Tests\bin\Release\net10.0\Motely.Tests.dll
X:\BalatroSeedOracle\src\BalatroSeedOracle\obj\Release\net10.0\Avalonia.Generators\Avalonia.Generators.NameGenerator.AvaloniaNameIncrementalGenerator\BalatroSeedOracle.Views.Modals.AudioVisualizerSettingsModal.g.cs(20,21): warning CS0108: 'AudioVisualizerSettingsModal.InitializeComponent(bool)' hides inherited member 'StandardModal.InitializeComponent(bool)'. Use the new keyword if hiding was intended. [X:\BalatroSeedOracle\src\BalatroSeedOracle\BalatroSeedOracle.csproj]
X:\BalatroSeedOracle\src\BalatroSeedOracle\ViewModels\AudioVisualizerSettingsModalViewModel.cs(920,21): warning CS0618: 'TextBox.Watermark' is obsolete: 'Use PlaceholderText instead.' [X:\BalatroSeedOracle\src\BalatroSeedOracle\BalatroSeedOracle.csproj]
X:\BalatroSeedOracle\src\BalatroSeedOracle\Views\BalatroMainMenu.axaml.cs(714,17): warning CS0618: 'TextBox.Watermark' is obsolete: 'Use PlaceholderText instead.' [X:\BalatroSeedOracle\src\BalatroSeedOracle\BalatroSeedOracle.csproj]
X:\BalatroSeedOracle\src\BalatroSeedOracle\ViewModels\AudioVisualizerSettingsWidgetViewModel.cs(1737,21): warning CS0618: 'TextBox.Watermark' is obsolete: 'Use PlaceholderText instead.' [X:\BalatroSeedOracle\src\BalatroSeedOracle\BalatroSeedOracle.csproj]
X:\BalatroSeedOracle\src\BalatroSeedOracle\ViewModels\SettingsModalViewModel.cs(71,21): warning CS8602: Dereference of a possibly null reference. [X:\BalatroSeedOracle\src\BalatroSeedOracle\BalatroSeedOracle.csproj]
X:\BalatroSeedOracle\src\BalatroSeedOracle\ViewModels\SettingsModalViewModel.cs(74,21): warning CS8602: Dereference of a possibly null reference. [X:\BalatroSeedOracle\src\BalatroSeedOracle\BalatroSeedOracle.csproj]
X:\BalatroSeedOracle\src\BalatroSeedOracle\ViewModels\SettingsModalViewModel.cs(78,25): warning CS8602: Dereference of a possibly null reference. [X:\BalatroSeedOracle\src\BalatroSeedOracle\BalatroSeedOracle.csproj]
X:\BalatroSeedOracle\src\BalatroSeedOracle\ViewModels\SettingsModalViewModel.cs(147,17): warning CS8602: Dereference of a possibly null reference. [X:\BalatroSeedOracle\src\BalatroSeedOracle\BalatroSeedOracle.csproj]
X:\BalatroSeedOracle\src\BalatroSeedOracle\ViewModels\FilterSelectorViewModel.cs(238,38): warning CS8602: Dereference of a possibly null reference. [X:\BalatroSeedOracle\src\BalatroSeedOracle\BalatroSeedOracle.csproj]
X:\BalatroSeedOracle\src\BalatroSeedOracle\ViewModels\FrequencyDebugWidgetViewModel.cs(504,21): warning CS0618: 'TextBox.Watermark' is obsolete: 'Use PlaceholderText instead.' [X:\BalatroSeedOracle\src\BalatroSeedOracle\BalatroSeedOracle.csproj]
X:\BalatroSeedOracle\src\BalatroSeedOracle\ViewModels\MusicMixerWidgetViewModel.cs(1029,21): warning CS0618: 'TextBox.Watermark' is obsolete: 'Use PlaceholderText instead.' [X:\BalatroSeedOracle\src\BalatroSeedOracle\BalatroSeedOracle.csproj]
X:\BalatroSeedOracle\src\BalatroSeedOracle\Components/FilterItemConfigRow.axaml(171,30,171,30): Avalonia warning AVLN5001: 'NumericUpDown.Watermark' is obsolete: Use PlaceholderText instead. [X:\BalatroSeedOracle\src\BalatroSeedOracle\BalatroSeedOracle.csproj]
X:\BalatroSeedOracle\src\BalatroSeedOracle\Components/FilterItemConfigRow.axaml(188,26,188,26): Avalonia warning AVLN5001: 'TextBox.Watermark' is obsolete: Use PlaceholderText instead. [X:\BalatroSeedOracle\src\BalatroSeedOracle\BalatroSeedOracle.csproj]
X:\BalatroSeedOracle\src\BalatroSeedOracle\Components/FilterTabs/SaveFilterTab.axaml(25,18,25,18): Avalonia warning AVLN5001: 'TextBox.Watermark' is obsolete: Use PlaceholderText instead. [X:\BalatroSeedOracle\src\BalatroSeedOracle\BalatroSeedOracle.csproj]
X:\BalatroSeedOracle\src\BalatroSeedOracle\Components/FilterTabs/SaveFilterTab.axaml(52,18,52,18): Avalonia warning AVLN5001: 'TextBox.Watermark' is obsolete: Use PlaceholderText instead. [X:\BalatroSeedOracle\src\BalatroSeedOracle\BalatroSeedOracle.csproj]
X:\BalatroSeedOracle\src\BalatroSeedOracle\Components/FilterTabs/ValidateFilterTab.axaml(32,22,32,22): Avalonia warning AVLN5001: 'TextBox.Watermark' is obsolete: Use PlaceholderText instead. [X:\BalatroSeedOracle\src\BalatroSeedOracle\BalatroSeedOracle.csproj]
X:\BalatroSeedOracle\src\BalatroSeedOracle\Components/FilterTabs/ValidateFilterTab.axaml(45,22,45,22): Avalonia warning AVLN5001: 'TextBox.Watermark' is obsolete: Use PlaceholderText instead. [X:\BalatroSeedOracle\src\BalatroSeedOracle\BalatroSeedOracle.csproj]
X:\BalatroSeedOracle\src\BalatroSeedOracle\Components/FilterTabs/VisualBuilderTab.axaml(268,26,268,26): Avalonia warning AVLN5001: 'TextBox.Watermark' is obsolete: Use PlaceholderText instead. [X:\BalatroSeedOracle\src\BalatroSeedOracle\BalatroSeedOracle.csproj]
X:\BalatroSeedOracle\src\BalatroSeedOracle\Components/ItemConfigPanel.axaml(61,30,61,30): Avalonia warning AVLN5001: 'TextBox.Watermark' is obsolete: Use PlaceholderText instead. [X:\BalatroSeedOracle\src\BalatroSeedOracle\BalatroSeedOracle.csproj]
X:\BalatroSeedOracle\src\BalatroSeedOracle\Components/ItemConfigPanel.axaml(152,30,152,30): Avalonia warning AVLN5001: 'TextBox.Watermark' is obsolete: Use PlaceholderText instead. [X:\BalatroSeedOracle\src\BalatroSeedOracle\BalatroSeedOracle.csproj]
X:\BalatroSeedOracle\src\BalatroSeedOracle\Components/ItemConfigPanel.axaml(157,30,157,30): Avalonia warning AVLN5001: 'TextBox.Watermark' is obsolete: Use PlaceholderText instead. [X:\BalatroSeedOracle\src\BalatroSeedOracle\BalatroSeedOracle.csproj]
X:\BalatroSeedOracle\src\BalatroSeedOracle\Components/ItemConfigPanel.axaml(162,30,162,30): Avalonia warning AVLN5001: 'TextBox.Watermark' is obsolete: Use PlaceholderText instead. [X:\BalatroSeedOracle\src\BalatroSeedOracle\BalatroSeedOracle.csproj]
X:\BalatroSeedOracle\src\BalatroSeedOracle\Components/ItemConfigPanel.axaml(167,30,167,30): Avalonia warning AVLN5001: 'TextBox.Watermark' is obsolete: Use PlaceholderText instead. [X:\BalatroSeedOracle\src\BalatroSeedOracle\BalatroSeedOracle.csproj]
X:\BalatroSeedOracle\src\BalatroSeedOracle\Components/ItemConfigPanel.axaml(172,30,172,30): Avalonia warning AVLN5001: 'TextBox.Watermark' is obsolete: Use PlaceholderText instead. [X:\BalatroSeedOracle\src\BalatroSeedOracle\BalatroSeedOracle.csproj]
X:\BalatroSeedOracle\src\BalatroSeedOracle\Components/ItemConfigPanel.axaml(177,30,177,30): Avalonia warning AVLN5001: 'TextBox.Watermark' is obsolete: Use PlaceholderText instead. [X:\BalatroSeedOracle\src\BalatroSeedOracle\BalatroSeedOracle.csproj]
X:\BalatroSeedOracle\src\BalatroSeedOracle\Components/Widgets/DayLatroWidget.axaml(134,30,134,30): Avalonia warning AVLN5001: 'TextBox.Watermark' is obsolete: Use PlaceholderText instead. [X:\BalatroSeedOracle\src\BalatroSeedOracle\BalatroSeedOracle.csproj]
X:\BalatroSeedOracle\src\BalatroSeedOracle\Components/Widgets/DayLatroWidget.axaml(141,30,141,30): Avalonia warning AVLN5001: 'TextBox.Watermark' is obsolete: Use PlaceholderText instead. [X:\BalatroSeedOracle\src\BalatroSeedOracle\BalatroSeedOracle.csproj]
X:\BalatroSeedOracle\src\BalatroSeedOracle\Components/Widgets/DayLatroWidget.axaml(147,30,147,30): Avalonia warning AVLN5001: 'TextBox.Watermark' is obsolete: Use PlaceholderText instead. [X:\BalatroSeedOracle\src\BalatroSeedOracle\BalatroSeedOracle.csproj]
X:\BalatroSeedOracle\src\BalatroSeedOracle\Views/Modals/AnalyzeModal.axaml(202,30,202,30): Avalonia warning AVLN5001: 'TextBox.Watermark' is obsolete: Use PlaceholderText instead. [X:\BalatroSeedOracle\src\BalatroSeedOracle\BalatroSeedOracle.csproj]
X:\BalatroSeedOracle\src\BalatroSeedOracle\Views/Modals/SettingsModal.axaml(42,26,42,26): Avalonia warning AVLN5001: 'TextBox.Watermark' is obsolete: Use PlaceholderText instead. [X:\BalatroSeedOracle\src\BalatroSeedOracle\BalatroSeedOracle.csproj]
X:\BalatroSeedOracle\src\BalatroSeedOracle\Views/SearchModalTabs/SearchTab.axaml(250,30,250,30): Avalonia warning AVLN5001: 'TextBox.Watermark' is obsolete: Use PlaceholderText instead. [X:\BalatroSeedOracle\src\BalatroSeedOracle\BalatroSeedOracle.csproj]
X:\BalatroSeedOracle\src\BalatroSeedOracle\Windows/DataGridResultsWindow.axaml(72,18,72,18): Avalonia warning AVLN5001: 'TextBox.Watermark' is obsolete: Use PlaceholderText instead. [X:\BalatroSeedOracle\src\BalatroSeedOracle\BalatroSeedOracle.csproj]
  BalatroSeedOracle -> X:\BalatroSeedOracle\src\BalatroSeedOracle\bin\Release\net10.0\BalatroSeedOracle.dll
X:\BalatroSeedOracle\src\BalatroSeedOracle.iOS\AppDelegate.cs(99,61): warning CS0067: The event 'iOSAudioManager.AudioAnalysisUpdated' is never used [X:\BalatroSeedOracle\src\BalatroSeedOracle.iOS\BalatroSeedOracle.iOS.csproj]
X:\BalatroSeedOracle\src\BalatroSeedOracle.iOS\Main.cs(12,13): warning CA1416: This call site is reachable on all platforms. 'UIApplication.Main(string[]?, Type?, Type?)' is only supported on: 'ios', 'maccatalyst', 'tvos'. (https://learn.microsoft.com/dotnet/fundamentals/code-analysis/quality-rules/ca1416) [X:\BalatroSeedOracle\src\BalatroSeedOracle.iOS\BalatroSeedOracle.iOS.csproj]
  BalatroSeedOracle.iOS -> X:\BalatroSeedOracle\src\BalatroSeedOracle.iOS\bin\Release\net10.0-ios\iossimulator-x64\BalatroSeedOracle.iOS.dll
X:\BalatroSeedOracle\src\BalatroSeedOracle.Desktop\Components/Widgets/AudioVisualizerSettingsWidget.axaml(926,58,926,58): Avalonia warning AVLN5001: 'TextBox.Watermark' is obsolete: Use PlaceholderText instead. [X:\BalatroSeedOracle\src\BalatroSeedOracle.Desktop\BalatroSeedOracle.Desktop.csproj]
X:\BalatroSeedOracle\src\BalatroSeedOracle.Desktop\Components/Widgets/AudioVisualizerSettingsWidget.axaml(963,62,963,62): Avalonia warning AVLN5001: 'TextBox.Watermark' is obsolete: Use PlaceholderText instead. [X:\BalatroSeedOracle\src\BalatroSeedOracle.Desktop\BalatroSeedOracle.Desktop.csproj]
X:\BalatroSeedOracle\src\BalatroSeedOracle.Desktop\Components/Widgets/AudioVisualizerSettingsWidget.axaml(1023,58,1023,58): Avalonia warning AVLN5001: 'TextBox.Watermark' is obsolete: Use PlaceholderText instead. [X:\BalatroSeedOracle\src\BalatroSeedOracle.Desktop\BalatroSeedOracle.Desktop.csproj]
X:\BalatroSeedOracle\src\BalatroSeedOracle.Desktop\Components/Widgets/AudioVisualizerSettingsWidget.axaml(1059,62,1059,62): Avalonia warning AVLN5001: 'TextBox.Watermark' is obsolete: Use PlaceholderText instead. [X:\BalatroSeedOracle\src\BalatroSeedOracle.Desktop\BalatroSeedOracle.Desktop.csproj]
  BalatroSeedOracle.Desktop -> X:\BalatroSeedOracle\src\BalatroSeedOracle.Desktop\bin\Release\net10.0\win-x64\BalatroSeedOracle.Desktop.dll
X:\BalatroSeedOracle\src\BalatroSeedOracle.Android\Services\AndroidServices.cs(118,54): warning CS0067: The event 'AndroidAudioManager.AudioAnalysisUpdated' is never used [X:\BalatroSeedOracle\src\BalatroSeedOracle.Android\BalatroSeedOracle.Android.csproj]
X:\BalatroSeedOracle\src\BalatroSeedOracle.Android\MainActivity.cs(36,9): warning CA1416: This call site is reachable on all platforms. 'AvaloniaActivity.OnCreate(Bundle?)' is only supported on: 'Android' 24.0 and later. (https://learn.microsoft.com/dotnet/fundamentals/code-analysis/quality-rules/ca1416) [X:\BalatroSeedOracle\src\BalatroSeedOracle.Android\BalatroSeedOracle.Android.csproj]
  BalatroSeedOracle.Android -> X:\BalatroSeedOracle\src\BalatroSeedOracle.Android\bin\Release\net10.0-android\BalatroSeedOracle.Android.dll
  Motely -> X:\BalatroSeedOracle\src\MotelyJAML\Motely\bin\Release\net10.0\Motely.dll
  BalatroSeedOracle -> X:\BalatroSeedOracle\src\BalatroSeedOracle\bin\Release\net10.0\BalatroSeedOracle.dll
  Optimizing assemblies for size may change the behavior of the app. Be sure to test after publishing. See: https://aka.ms/dotnet-illink
  Optimizing assemblies for size. This process might take a while.
  Optimizing assemblies for size may change the behavior of the app. Be sure to test after publishing. See: https://aka.ms/dotnet-illink
  Optimizing assemblies for size. This process might take a while.
  BalatroSeedOracle.Browser -> X:\BalatroSeedOracle\src\BalatroSeedOracle.Browser\bin\Release\net10.0-browser\BalatroSeedOracle.Browser.dll
