[23:54:31.679] [App] Initializing application services
[23:54:31.696] [App] Using AppPaths for directory management
[23:54:31.697] [App] Initializing filter cache...
[23:54:31.699] [FilterCacheService] Initializing filter cache...
[23:54:31.699] [FilterCacheService] Cache initialized: 0 filters loaded, 0 failed in 0.70ms
[23:54:31.699] [App] Filter cache initialized with 0 filters
[23:54:31.702] [UserProfileService] Profile key: User/userprofile.json
[23:54:31.703] [UserProfileService] Creating new profile with default author: pifreak
[23:54:31.710] [MainWindowViewModel] User profile loaded successfully
[23:54:31.710] [MainWindowViewModel] MainWindow initialized
[23:54:31.792] Initializing compatibility collections...
[23:54:31.895] [SearchModalViewModel] WordLists directory not found: X:\BalatroSeedOracle\src\BalatroSeedOracle.Desktop\bin\Debug\net10.0\..\..\..\WordLists
[23:54:31.896] [SearchModalViewModel] SearchResults directory not found: X:\BalatroSeedOracle\src\BalatroSeedOracle.Desktop\bin\Debug\net10.0\..\..\..\SearchResults
[23:54:31.903] [CreditsModalViewModel] Loading credits from: avares://BalatroSeedOracle/Assets/credits.json
[23:54:31.904] [CreditsModalViewModel] Asset exists, loading...
[23:54:31.904] [CreditsModalViewModel] JSON loaded, length: 3370
[23:54:31.915] [CreditsModalViewModel] ERROR: Failed to load credits: Reflection-based serialization has been disabled for this application. Either use the source generator APIs or explicitly configure the 'JsonSerializerOptions.TypeInfoResolver' property.
   at System.Text.Json.ThrowHelper.ThrowInvalidOperationException_JsonSerializerIsReflectionDisabled()
   at System.Text.Json.JsonSerializerOptions.ConfigureForJsonSerializer()
   at System.Text.Json.JsonSerializer.GetTypeInfo(JsonSerializerOptions options, Type inputType)
   at System.Text.Json.JsonSerializer.GetTypeInfo[T](JsonSerializerOptions options)
   at System.Text.Json.JsonSerializer.Deserialize[TValue](String json, JsonSerializerOptions options)
   at BalatroSeedOracle.ViewModels.CreditsModalViewModel..ctor() in X:\BalatroSeedOracle\src\BalatroSeedOracle\ViewModels\CreditsModalViewModel.cs:line 35
[23:54:31.916] [FavoritesService] Favorites saved successfully
